<?xml version="1.0" encoding="UTF-8"?>
<!-- Generated by org.testng.reporters.JUnitReportReporter -->
<testsuite hostname="cizquierdo.local" name="tests.LoginTest" tests="4" failures="0" timestamp="4 Apr 2019 17:22:21 GMT" time="12.809" errors="0">
  <testcase name="invalidLoginTest" time="3.753" classname="tests.LoginTest"/>
  <testcase name="invalidLoginTest" time="2.968" classname="tests.LoginTest"/>
  <testcase name="validLoginTest" time="3.186" classname="tests.LoginTest"/>
  <testcase name="invalidLoginTest" time="2.902" classname="tests.LoginTest"/>
</testsuite> <!-- tests.LoginTest -->
